IQ-TREE multicore version 1.6.10 for Linux 64-bit built Feb 19 2019
Developed by Bui Quang Minh, Nguyen Lam Tung, Olga Chernomor,
Heiko Schmidt, Dominik Schrempf, Michael Woodhams.

Host:    cdr625.int.cedar.computecanada.ca (AVX2, FMA3, 251 GB RAM)
Command: /home/gowens/bin/iqtree-1.6.10-Linux/bin/iqtree -s Petiolaris.tranche90.snp.petPF.90.bi.remappedHa412HO.Ha412HOChr06.syn3.fasta -m GTR+ASC -bb 1000 -nt 5 -redo
Seed:    710693 (Using SPRNG - Scalable Parallel Random Number Generator)
Time:    Wed May  8 22:05:42 2019
Kernel:  AVX+FMA - 5 threads (32 CPU cores detected)

Reading alignment file Petiolaris.tranche90.snp.petPF.90.bi.remappedHa412HO.Ha412HOChr06.syn3.fasta ... Fasta format detected
Alignment most likely contains DNA/RNA sequences
Alignment has 387 sequences with 5969 columns, 5968 distinct patterns
5419 parsimony-informative, 550 singleton sites, 0 constant sites
          Gap/Ambiguity  Composition  p-value
   1  GSD1009    10.27%    passed     98.44%
   2  GSD1039     9.98%    passed     88.84%
   3  GSD1085    10.15%    passed     91.02%
   4  GSD1139    11.98%    passed     98.42%
   5  GSD1169    10.86%    passed     96.52%
   6  GSD1184     5.28%    passed     92.98%
   7  GSD1258    10.27%    passed     91.06%
   8  GSD1276     7.69%    passed     96.59%
   9  GSD1329     9.85%    passed     89.77%
  10  GSD1375    12.28%    passed     87.59%
  11  GSD1503     9.21%    passed     85.70%
  12  GSD1573    10.39%    passed     98.65%
  13  GSD1707    10.12%    passed     99.36%
  14  GSD1732     9.42%    passed     94.04%
  15  GSD1795     9.42%    passed     98.34%
  16  GSD2008    11.33%    passed     93.62%
  17  GSD2031    12.13%    passed     98.75%
  18  GSD2067    10.96%    passed     77.14%
  19  GSD2252     9.16%    passed     83.40%
  20  GSD983      8.11%    passed     97.52%
  21  MON014      8.53%    passed     93.96%
  22  MON069      8.96%    passed     95.47%
  23  MON106      9.62%    passed     94.80%
  24  MON151      8.36%    passed     97.41%
  25  MON220     11.54%    passed     91.64%
  26  MON263     14.04%    passed     80.53%
  27  MON308     12.15%    passed     79.85%
  28  MON365     11.14%    passed     88.14%
  29  MON401      9.83%    passed     75.79%
  30  MON459     10.69%    passed     91.87%
  31  MON520     10.59%    passed     98.84%
  32  MON564      9.63%    passed     96.62%
  33  MON606      8.66%    passed     76.72%
  34  MON658      8.66%    passed     80.47%
  35  MON713      8.44%    passed     88.50%
  36  MON768      9.52%    passed     96.31%
  37  MON818     11.93%    passed     95.28%
  38  MON862     10.25%    passed     89.28%
  39  PET0301     9.70%    passed     89.00%
  40  PET0302     9.10%    passed     99.07%
  41  PET0303    10.49%    passed     99.31%
  42  PET0304     8.88%    passed     88.78%
  43  PET0305    10.66%    passed     73.78%
  44  PET0306    10.10%    passed     93.47%
  45  PET0307     7.44%    passed     96.73%
  46  PET0308    10.32%    passed     91.52%
  47  PET0309N    7.51%    passed     70.40%
  48  PET0310     9.77%    passed     97.24%
  49  PET0311     6.97%    passed     92.00%
  50  PET0312     4.84%    passed     79.28%
  51  PET0313     9.01%    passed     90.49%
  52  PET0314     9.78%    passed     94.09%
  53  PET0315     9.63%    passed     94.54%
  54  PET0316     8.81%    passed     90.59%
  55  PET0317     8.04%    passed     94.05%
  56  PET0318     3.60%    passed     79.78%
  57  PET0319    11.07%    passed     95.65%
  58  PET0320     8.53%    passed     99.44%
  59  PET0321     9.78%    passed     98.94%
  60  PET0322    10.50%    passed     86.46%
  61  PET0323     5.26%    passed     71.78%
  62  PET0324     9.26%    passed     67.18%
  63  PET0325     9.68%    passed     99.46%
  64  PET0326     9.23%    passed     76.21%
  65  PET0327     7.05%    passed     55.82%
  66  PET0328     9.77%    passed     98.98%
  67  PET0329    10.22%    passed     97.54%
  68  PET0330     9.53%    passed     88.94%
  69  PET0331     5.51%    passed     74.10%
  70  PET0332     9.13%    passed     73.91%
  71  PET0333    10.37%    passed     92.95%
  72  PET0334    10.59%    passed     89.51%
  73  PET0335    10.19%    passed     81.25%
  74  PET0336     9.78%    passed     96.96%
  75  PET0337    10.62%    passed     81.77%
  76  PET0338    10.15%    passed     99.27%
  77  PET0339    10.67%    passed     72.55%
  78  PET0340    10.07%    passed     78.73%
  79  PET0341     9.08%    passed     89.94%
  80  PET0342     6.50%    passed     94.69%
  81  PET0343    14.46%    passed     68.62%
  82  PET0344     7.29%    passed     93.39%
  83  PET0345    10.19%    passed     99.28%
  84  PET0346    10.14%    passed     96.17%
  85  PET0347    10.92%    passed     92.95%
  86  PET0348    10.34%    passed     99.74%
  87  PET0349    10.25%    passed     84.31%
  88  PET0350    10.20%    passed     95.13%
  89  PET0351     9.62%    passed     94.14%
  90  PET0352    10.89%    passed     95.52%
  91  PET0353    11.02%    passed     98.93%
  92  PET0354    10.55%    passed     82.03%
  93  PET0355     9.82%    passed     83.10%
  94  PET0356     9.53%    passed     98.83%
  95  PET0357    10.22%    passed     97.20%
  96  PET0358     5.16%    passed     68.86%
  97  PET0359     9.16%    passed     97.37%
  98  PET0360     9.00%    passed     81.00%
  99  PET0361N    8.73%    passed     72.78%
 100  PET0362     9.18%    passed     97.37%
 101  PET0363    12.77%    passed     98.26%
 102  PET0364    10.15%    passed     95.73%
 103  PET0365     9.72%    passed     88.48%
 104  PET0366     4.62%    passed     79.63%
 105  PET0367     8.78%    passed     97.74%
 106  PET0368    10.00%    passed     95.53%
 107  PET0369     9.57%    passed     94.30%
 108  PET0370    10.10%    passed     85.32%
 109  PET0371    11.11%    passed     94.93%
 110  PET0372     7.17%    passed     88.66%
 111  PET0373    10.87%    passed     95.03%
 112  PET0374    10.64%    passed     95.34%
 113  PET0375     8.80%    passed     95.72%
 114  PET0376    10.07%    passed     94.14%
 115  PET0377     6.79%    passed     79.45%
 116  PET0378    10.66%    passed     92.42%
 117  PET0379    10.39%    passed     83.87%
 118  PET0380    10.04%    passed     99.18%
 119  PET0381     9.73%    passed     74.66%
 120  PET0382     9.67%    passed     96.03%
 121  PET0383     7.77%    passed     98.48%
 122  PET0384    10.32%    passed     91.55%
 123  PET0385     9.80%    passed     98.13%
 124  PET0386     9.93%    passed     95.86%
 125  PET0387     9.42%    passed     97.33%
 126  PET0388    10.22%    passed     94.26%
 127  PET0391N   10.99%    passed     96.85%
 128  PET0392N   10.42%    passed     67.66%
 129  PET0393     9.53%    passed     94.28%
 130  PET0394    10.50%    passed     98.77%
 131  PET0395    10.10%    passed     75.33%
 132  PET0396    10.05%    passed     94.40%
 133  PET0397     9.03%    passed     97.64%
 134  PET0398    13.30%    passed     62.38%
 135  PET0399    11.04%    passed     85.21%
 136  PET0400    10.42%    passed     95.06%
 137  PET0401     6.90%    passed     87.99%
 138  PET0402     9.53%    passed     99.51%
 139  PET0403    10.37%    passed     96.34%
 140  PET0404     8.08%    passed     79.85%
 141  PET0405    10.12%    passed     80.19%
 142  PET0406    10.27%    passed     75.19%
 143  PET0407     8.54%    passed     67.72%
 144  PET0409    12.60%    passed     98.69%
 145  PET0410     8.68%    passed     54.74%
 146  PET0412     7.57%    passed     99.31%
 147  PET0413     7.25%    passed     99.48%
 148  PET0414     7.05%    passed     91.90%
 149  PET0415    10.47%    passed     87.72%
 150  PET0416    10.04%    passed     95.06%
 151  PET0417     5.03%    passed     99.80%
 152  PET0418    10.40%    passed     63.95%
 153  PET0419     7.37%    passed     86.73%
 154  PET0420     7.47%    passed     97.53%
 155  PET0421     6.79%    passed     96.88%
 156  PET0422    10.50%    passed     92.18%
 157  PET0423    10.29%    passed     93.30%
 158  PET0424     7.71%    passed     98.58%
 159  PET0425     8.01%    passed     99.16%
 160  PET0427     9.38%    passed     83.50%
 161  PET0428     9.77%    passed     94.87%
 162  PET0429     8.98%    passed     87.65%
 163  PET0430     8.46%    passed     97.89%
 164  PET0431    10.76%    passed     74.64%
 165  PET0432     9.20%    passed     88.28%
 166  PET0433     9.87%    passed     99.86%
 167  PET0434    10.57%    passed     77.29%
 168  PET0435     8.90%    passed     95.13%
 169  PET0436     8.73%    passed     65.17%
 170  PET0437     8.78%    passed     94.35%
 171  PET0438     7.96%    passed     70.62%
 172  PET0439    11.31%    passed     57.07%
 173  PET0440    12.00%    passed     97.18%
 174  PET0441     9.45%    passed     99.70%
 175  PET0442    10.10%    passed     46.59%
 176  PET0443    10.59%    passed     91.75%
 177  PET0444     9.00%    passed     88.85%
 178  PET0445     9.95%    passed     79.09%
 179  PET0446     8.29%    passed     70.13%
 180  PET0447    11.46%    passed     86.73%
 181  PET0448     9.52%    passed     95.96%
 182  PET0449    10.20%    passed     74.18%
 183  PET0450     9.72%    passed     95.19%
 184  PET0451     8.51%    passed     85.09%
 185  PET0452    10.74%    passed     91.64%
 186  PET0453N    9.65%    passed     90.19%
 187  PET0454N    9.92%    passed     91.44%
 188  PET0455     9.98%    passed     99.45%
 189  PET0456    10.20%    passed     82.23%
 190  PET0457     9.80%    passed     87.62%
 191  PET0458     9.10%    passed     92.55%
 192  PET0459N    9.63%    passed     95.90%
 193  PET0460N    9.30%    passed     90.34%
 194  PET0461    10.29%    passed     99.51%
 195  PET0462    10.54%    passed     93.94%
 196  PET0463     9.03%    passed     74.88%
 197  PET0464     9.53%    passed     98.42%
 198  PET0465     9.50%    passed     86.15%
 199  PET0466    10.05%    passed     89.77%
 200  PET0467    10.60%    passed     88.72%
 201  PET0468    10.20%    passed     93.65%
 202  PET0469    10.39%    passed     72.65%
 203  PET0471     9.03%    passed     94.07%
 204  PET0472     9.65%    passed     55.30%
 205  PET0473N   11.22%    passed     94.90%
 206  PET0474N    9.35%    passed     98.73%
 207  PET0475    10.02%    passed     94.31%
 208  PET0476    10.30%    passed     98.02%
 209  PET0477    10.32%    passed     72.99%
 210  PET0478     9.90%    passed     91.78%
 211  PET0479    10.19%    passed     96.44%
 212  PET0480    10.57%    passed     96.77%
 213  PET0481    10.29%    passed     59.83%
 214  PET0482     9.26%    passed     75.79%
 215  PET0483    10.54%    passed     99.73%
 216  PET0484     9.85%    passed     97.53%
 217  PET0485     9.43%    passed     86.30%
 218  PET0486     9.85%    passed     48.54%
 219  PET0487    10.66%    passed     92.37%
 220  PET0488    10.05%    passed     96.71%
 221  PET0489    10.42%    passed     97.88%
 222  PET0490     9.23%    passed     91.06%
 223  PET0491     9.97%    passed     72.66%
 224  PET0492     7.67%    passed     90.51%
 225  PET0493     9.18%    passed     84.94%
 226  PET0495    10.20%    passed     99.73%
 227  PET0496     9.87%    passed     86.33%
 228  PET0497    10.12%    passed     83.17%
 229  PET0498    11.26%    passed     78.54%
 230  PET0499     4.36%    passed     32.62%
 231  PET0500     9.67%    passed     95.59%
 232  PET0501     8.86%    passed     91.48%
 233  PET0502    10.39%    passed     82.40%
 234  PET0503    10.64%    passed     90.36%
 235  PET0504    10.12%    passed     78.49%
 236  PET0505    10.67%    passed     82.71%
 237  PET0507     5.33%    passed     30.89%
 238  PET0509     9.92%    passed     95.46%
 239  PET0511    10.04%    passed     71.39%
 240  PET0512     9.87%    passed     93.63%
 241  PET0513    10.49%    passed     98.59%
 242  PET0514     9.95%    passed     76.54%
 243  PET0515     9.88%    passed     79.95%
 244  PET0517    10.49%    passed     99.86%
 245  PET0518    10.00%    passed     94.78%
 246  PET0519     9.45%    passed     75.41%
 247  PET0520     9.67%    passed     96.82%
 248  PET0522    10.22%    passed     98.38%
 249  PET0523    10.30%    passed     90.44%
 250  PET0526     3.69%    passed     36.00%
 251  PET0527    10.55%    passed     93.95%
 252  PET0529     4.19%    passed     58.28%
 253  PET0531    10.40%    passed     85.24%
 254  PET0534N   10.74%    passed     86.20%
 255  PET0535     8.56%    passed     95.70%
 256  PET0536     6.82%    passed     80.46%
 257  PET0539     5.43%    passed     42.33%
 258  PET0549     9.53%    passed     94.97%
 259  PET0552    10.55%    passed     97.05%
 260  PET0555    11.59%    passed     90.64%
 261  PET0556     9.77%    passed     78.24%
 262  PET0557     9.40%    passed     69.95%
 263  PET0558     4.39%    passed     69.97%
 264  PET0559    10.37%    passed     98.34%
 265  PET0560    10.04%    passed     98.24%
 266  PET0563    10.30%    passed     96.61%
 267  PET0564     9.37%    passed     98.62%
 268  PET0565     8.78%    passed     98.15%
 269  PET0566     9.38%    passed     85.10%
 270  PET0568     9.62%    passed     96.03%
 271  PET0569N   10.57%    passed     84.46%
 272  PET0571     9.35%    passed     82.34%
 273  PET0572     9.30%    passed     77.62%
 274  PET0573     9.13%    passed     62.70%
 275  PET0575    10.02%    passed     96.73%
 276  PET0576     7.07%    passed     19.74%
 277  PET0579     9.93%    passed     98.86%
 278  PET0580    10.84%    passed     81.97%
 279  PET0581     9.73%    passed     93.80%
 280  PET0582     4.39%    passed     20.43%
 281  PET0583     9.85%    passed     94.63%
 282  PET0587     9.35%    passed     95.65%
 283  PET0588    10.87%    passed     88.24%
 284  PET0595     9.87%    passed     93.06%
 285  PET0596     8.78%    passed     96.56%
 286  PET0597     9.58%    passed     95.72%
 287  PET0598     9.25%    passed     95.46%
 288  PET0600     9.33%    passed     93.31%
 289  PET0603    10.34%    passed     85.73%
 290  PET0605    10.24%    passed     97.87%
 291  PET0607     9.68%    passed     61.80%
 292  PET0609     9.50%    passed     99.15%
 293  PET0610     9.50%    passed     96.57%
 294  PET0611     3.38%    passed     56.86%
 295  PET0612     9.73%    passed     64.92%
 296  PET0613     9.10%    passed     99.90%
 297  PET0614     8.83%    passed     84.89%
 298  PET0615     9.77%    passed     94.52%
 299  PET0616     8.86%    passed     84.67%
 300  PET0617    10.05%    passed     95.00%
 301  PET0618    10.60%    passed     98.98%
 302  PET0619    10.40%    passed     91.57%
 303  PET0620    10.57%    passed     66.97%
 304  PET0621    11.07%    passed     91.85%
 305  PET0622    10.42%    passed     90.34%
 306  PET0623     9.08%    passed     92.97%
 307  PET0624     9.68%    passed     96.52%
 308  PET0625     9.97%    passed     82.26%
 309  PET0626    10.44%    passed     96.90%
 310  PET0627     9.82%    passed     95.23%
 311  PET0628    92.56%    passed     60.63%
 312  PET0629     9.52%    passed     86.28%
 313  PET0630    10.32%    passed     98.95%
 314  PET0631     7.72%    passed     77.30%
 315  PET0632     8.48%    passed     94.74%
 316  PET0633     9.16%    passed     75.99%
 317  PET0634    10.27%    passed     88.25%
 318  PET0635     9.95%    passed     85.55%
 319  PET0636    10.87%    passed     79.11%
 320  PET0637     7.62%    passed     81.31%
 321  PET0638    10.91%    passed     90.86%
 322  PET0639     9.93%    passed     88.25%
 323  PET0640     9.90%    passed     96.35%
 324  PET0641    10.45%    passed     93.04%
 325  PET0642    10.27%    passed     94.08%
 326  PET0643     9.38%    passed     96.09%
 327  PET0644    10.54%    passed     99.52%
 328  PET0645     9.72%    passed     92.46%
 329  PET0646     9.67%    passed     82.19%
 330  PET0647    10.10%    passed     98.81%
 331  PET0718     7.61%    passed     92.25%
 332  PET0719    10.71%    passed     96.61%
 333  PET0720    10.79%    passed     97.03%
 334  PET0721     9.78%    passed     95.80%
 335  PET0722    10.04%    passed     99.45%
 336  PET0723     9.50%    passed     97.74%
 337  PET0724     9.80%    passed     95.16%
 338  PET0725     9.20%    passed     95.02%
 339  PET0726    10.30%    passed     99.67%
 340  PET0727     9.52%    passed     92.47%
 341  PET0748     8.56%    passed     96.97%
 342  PET0749N    8.96%    passed     64.93%
 343  PET0750     9.31%    passed     81.65%
 344  PET0751     8.71%    passed     92.66%
 345  PET0752     8.53%    passed     57.01%
 346  PET0753     7.72%    passed     94.18%
 347  PET0754     8.23%    passed     75.33%
 348  PET0755N    9.88%    passed     59.21%
 349  PET0756N    8.91%    passed     95.39%
 350  PET0757     9.28%    passed     97.11%
 351  PET0758     8.56%    passed     97.60%
 352  PET0759     9.05%    passed     99.65%
 353  PET0760     9.28%    passed     97.07%
 354  PET0761     9.06%    passed     93.84%
 355  PET0762     5.75%    passed     90.41%
 356  PET0763    15.78%    passed     29.11%
 357  PET0764     9.11%    passed     98.95%
 358  PET0765     9.40%    passed     74.94%
 359  PET0766     8.26%    passed     87.86%
 360  PET0767     9.21%    passed     98.05%
 361  PET0768     9.52%    passed     99.93%
 362  PET0769     8.73%    passed     96.93%
 363  PET0770     8.68%    passed     98.36%
 364  PET0774N    9.01%    passed     94.68%
 365  PET0775     9.03%    passed     90.40%
 366  PET0776     9.70%    passed     88.44%
 367  PET0777     8.81%    passed     97.82%
 368  PET0778     8.80%    passed     91.71%
 369  PET0779N    9.53%    passed     97.99%
 370  PET0780N    8.19%    passed     60.38%
 371  PET0781     9.21%    passed     96.53%
 372  PET0783     8.68%    passed     90.47%
 373  PET0784     8.19%    passed     89.85%
 374  PET0785     9.47%    passed     88.97%
 375  PET0786     9.73%    passed     92.66%
 376  PET0787     8.44%    passed     97.58%
 377  PET0788    14.29%    passed     82.63%
 378  PET0789     9.23%    passed     94.76%
 379  PET0790    10.19%    passed     95.38%
 380  PET0791     9.87%    passed     97.64%
 381  PET0792     9.50%    passed     96.60%
 382  PET0793     8.46%    passed     96.98%
 383  PET0794    10.81%    passed     98.82%
 384  PET0795     9.60%    passed     77.73%
 385  PET0796     8.19%    passed     93.75%
 386  PET0797    10.54%    passed     67.14%
 387  PET0800     9.65%    passed     72.61%
WARNING: 1 sequences contain more than 50% gaps/ambiguity
****  TOTAL       9.72%  0 sequences failed composition chi2 test (p-value<5%; df=3)

Create initial parsimony tree by phylogenetic likelihood library (PLL)... 1.066 seconds
Generating 1000 samples for ultrafast bootstrap (seed: 710693)...
Ascertainment bias correction: 4 unobservable constant patterns

NOTE: 97 MB RAM (0 GB) is required!
Estimate model parameters (epsilon = 0.100)
1. Initial log-likelihood: -338912.020
2. Current log-likelihood: -314552.768
3. Current log-likelihood: -314535.136
Optimal log-likelihood: -314535.073
Rate parameters:  A-C: 1.06481  A-G: 5.31440  A-T: 1.39977  C-G: 0.72335  C-T: 5.53076  G-T: 1.00000
Base frequencies:  A: 0.283  C: 0.210  G: 0.222  T: 0.285
Parameters optimization took 3 rounds (3.293 sec)
Computing ML distances based on estimated model parameters... 25.458 sec
Computing BIONJ tree...
0.265 seconds
Log-likelihood of BIONJ tree: -317544.837
--------------------------------------------------------------------
|             INITIALIZING CANDIDATE TREE SET                      |
--------------------------------------------------------------------
Generating 98 parsimony trees... 110.159 second
Computing log-likelihood of 98 initial trees ... 21.732 seconds
Current best score: -313605.843

Do NNI search on 20 best initial trees
Estimate model parameters (epsilon = 0.100)
BETTER TREE FOUND at iteration 1: -313483.857
Iteration 10 / LogL: -313835.974 / Time: 0h:2m:44s
Iteration 20 / LogL: -313970.091 / Time: 0h:3m:7s
Finish initializing candidate tree set (20)
Current best tree score: -313483.857 / CPU time: 177.096
Number of iterations: 20
--------------------------------------------------------------------
|               OPTIMIZING CANDIDATE TREE SET                      |
--------------------------------------------------------------------
Iteration 30 / LogL: -313611.217 / Time: 0h:3m:31s (0h:8m:34s left)
Estimate model parameters (epsilon = 0.100)
BETTER TREE FOUND at iteration 31: -313427.268
Estimate model parameters (epsilon = 0.100)
BETTER TREE FOUND at iteration 33: -313355.009
Iteration 40 / LogL: -313557.461 / Time: 0h:3m:55s (0h:9m:19s left)
Estimate model parameters (epsilon = 0.100)
BETTER TREE FOUND at iteration 43: -313332.372
Estimate model parameters (epsilon = 0.100)
BETTER TREE FOUND at iteration 45: -313325.775
Estimate model parameters (epsilon = 0.100)
BETTER TREE FOUND at iteration 48: -313303.000
Iteration 50 / LogL: -313534.944 / Time: 0h:4m:22s (0h:8m:42s left)
Log-likelihood cutoff on original alignment: -314002.075
Iteration 60 / LogL: -313414.377 / Time: 0h:4m:50s (0h:7m:12s left)
Estimate model parameters (epsilon = 0.100)
BETTER TREE FOUND at iteration 62: -313255.535
Iteration 70 / LogL: -313564.480 / Time: 0h:5m:16s (0h:7m:0s left)
Estimate model parameters (epsilon = 0.100)
BETTER TREE FOUND at iteration 77: -313238.147
Iteration 80 / LogL: -313498.965 / Time: 0h:5m:44s (0h:7m:1s left)
Iteration 90 / LogL: -313282.725 / Time: 0h:6m:11s (0h:6m:2s left)
Iteration 100 / LogL: -313375.022 / Time: 0h:6m:41s (0h:5m:11s left)
Log-likelihood cutoff on original alignment: -313964.849
NOTE: Bootstrap correlation coefficient of split occurrence frequencies: 0.959
NOTE: UFBoot does not converge, continue at least 100 more iterations
Estimate model parameters (epsilon = 0.100)
BETTER TREE FOUND at iteration 106: -313222.425
Iteration 110 / LogL: -313275.854 / Time: 0h:7m:13s (0h:6m:21s left)
Iteration 120 / LogL: -313276.764 / Time: 0h:7m:46s (0h:5m:36s left)
Iteration 130 / LogL: -313404.740 / Time: 0h:8m:13s (0h:4m:50s left)
Estimate model parameters (epsilon = 0.100)
BETTER TREE FOUND at iteration 134: -313213.162
Iteration 140 / LogL: -313246.207 / Time: 0h:8m:42s (0h:5m:52s left)
Iteration 150 / LogL: -313405.231 / Time: 0h:9m:12s (0h:5m:10s left)
Log-likelihood cutoff on original alignment: -313964.849
Estimate model parameters (epsilon = 0.100)
BETTER TREE FOUND at iteration 152: -313149.220
Iteration 160 / LogL: -313154.310 / Time: 0h:9m:45s (0h:5m:37s left)
Estimate model parameters (epsilon = 0.100)
BETTER TREE FOUND at iteration 169: -313140.613
Iteration 170 / LogL: -313387.755 / Time: 0h:10m:21s (0h:6m:3s left)
Estimate model parameters (epsilon = 0.100)
BETTER TREE FOUND at iteration 178: -313112.399
Iteration 180 / LogL: -313177.613 / Time: 0h:10m:57s (0h:5m:59s left)
Iteration 190 / LogL: -313167.060 / Time: 0h:11m:29s (0h:5m:20s left)
Iteration 200 / LogL: -313290.841 / Time: 0h:12m:1s (0h:4m:42s left)
Log-likelihood cutoff on original alignment: -313964.849
NOTE: Bootstrap correlation coefficient of split occurrence frequencies: 0.927
NOTE: UFBoot does not converge, continue at least 100 more iterations
Iteration 210 / LogL: -313201.076 / Time: 0h:12m:33s (0h:5m:24s left)
Iteration 220 / LogL: -313229.796 / Time: 0h:13m:5s (0h:4m:46s left)
Iteration 230 / LogL: -313202.707 / Time: 0h:13m:36s (0h:4m:9s left)
Iteration 240 / LogL: -313247.646 / Time: 0h:14m:8s (0h:3m:32s left)
Estimate model parameters (epsilon = 0.100)
BETTER TREE FOUND at iteration 242: -313111.662
Iteration 250 / LogL: -313242.199 / Time: 0h:14m:40s (0h:5m:24s left)
Log-likelihood cutoff on original alignment: -313964.849
Iteration 260 / LogL: -313151.699 / Time: 0h:15m:15s (0h:4m:49s left)
Estimate model parameters (epsilon = 0.100)
BETTER TREE FOUND at iteration 269: -313091.115
Iteration 270 / LogL: -313322.967 / Time: 0h:15m:49s (0h:5m:49s left)
Iteration 280 / LogL: -313244.066 / Time: 0h:16m:20s (0h:5m:12s left)
Estimate model parameters (epsilon = 0.100)
BETTER TREE FOUND at iteration 283: -313083.249
Iteration 290 / LogL: -313375.662 / Time: 0h:16m:52s (0h:5m:25s left)
Estimate model parameters (epsilon = 0.100)
BETTER TREE FOUND at iteration 291: -313067.538
Estimate model parameters (epsilon = 0.100)
BETTER TREE FOUND at iteration 293: -313062.127
Iteration 300 / LogL: -313212.633 / Time: 0h:17m:24s (0h:5m:24s left)
Log-likelihood cutoff on original alignment: -313964.849
NOTE: Bootstrap correlation coefficient of split occurrence frequencies: 0.919
NOTE: UFBoot does not converge, continue at least 100 more iterations
Iteration 310 / LogL: -313080.476 / Time: 0h:17m:58s (0h:5m:13s left)
Estimate model parameters (epsilon = 0.100)
BETTER TREE FOUND at iteration 313: -313047.660
Iteration 320 / LogL: -313052.650 / Time: 0h:18m:34s (0h:5m:24s left)
Estimate model parameters (epsilon = 0.100)
BETTER TREE FOUND at iteration 330: -313044.094
Iteration 330 / LogL: -313044.094 / Time: 0h:19m:9s (0h:5m:49s left)
Estimate model parameters (epsilon = 0.100)
BETTER TREE FOUND at iteration 337: -313033.611
Iteration 340 / LogL: -313054.956 / Time: 0h:19m:42s (0h:5m:38s left)
Estimate model parameters (epsilon = 0.100)
BETTER TREE FOUND at iteration 343: -313021.826
Estimate model parameters (epsilon = 0.100)
BETTER TREE FOUND at iteration 347: -313020.077
Iteration 350 / LogL: -313133.397 / Time: 0h:20m:13s (0h:5m:36s left)
Log-likelihood cutoff on original alignment: -313919.135
Iteration 360 / LogL: -313142.205 / Time: 0h:20m:49s (0h:5m:2s left)
Iteration 370 / LogL: -313108.030 / Time: 0h:21m:18s (0h:4m:26s left)
Estimate model parameters (epsilon = 0.100)
BETTER TREE FOUND at iteration 371: -313017.916
Estimate model parameters (epsilon = 0.100)
BETTER TREE FOUND at iteration 378: -312992.922
Iteration 380 / LogL: -313070.541 / Time: 0h:21m:51s (0h:5m:38s left)
Estimate model parameters (epsilon = 0.100)
BETTER TREE FOUND at iteration 388: -312969.930
Iteration 390 / LogL: -313053.916 / Time: 0h:22m:21s (0h:5m:37s left)
Iteration 400 / LogL: -313041.460 / Time: 0h:22m:55s (0h:5m:3s left)
Log-likelihood cutoff on original alignment: -313843.445
NOTE: Bootstrap correlation coefficient of split occurrence frequencies: 0.908
NOTE: UFBoot does not converge, continue at least 100 more iterations
Estimate model parameters (epsilon = 0.100)
BETTER TREE FOUND at iteration 401: -312963.755
Estimate model parameters (epsilon = 0.100)
BETTER TREE FOUND at iteration 410: -312939.990
Iteration 410 / LogL: -312939.990 / Time: 0h:23m:28s (0h:5m:44s left)
Iteration 420 / LogL: -313091.916 / Time: 0h:24m:3s (0h:5m:9s left)
Estimate model parameters (epsilon = 0.100)
BETTER TREE FOUND at iteration 428: -312926.934
Iteration 430 / LogL: -313159.170 / Time: 0h:24m:37s (0h:5m:37s left)
Iteration 440 / LogL: -313041.050 / Time: 0h:25m:11s (0h:5m:2s left)
Estimate model parameters (epsilon = 0.100)
BETTER TREE FOUND at iteration 441: -312900.213
Estimate model parameters (epsilon = 0.100)
BETTER TREE FOUND at iteration 450: -312894.766
Iteration 450 / LogL: -312894.766 / Time: 0h:25m:49s (0h:5m:44s left)
Log-likelihood cutoff on original alignment: -313843.445
Iteration 460 / LogL: -312956.363 / Time: 0h:26m:25s (0h:5m:10s left)
Iteration 470 / LogL: -312940.039 / Time: 0h:26m:58s (0h:4m:35s left)
Iteration 480 / LogL: -312922.705 / Time: 0h:27m:33s (0h:4m:1s left)
Iteration 490 / LogL: -313131.504 / Time: 0h:28m:7s (0h:3m:26s left)
Iteration 500 / LogL: -313012.993 / Time: 0h:28m:42s (0h:2m:52s left)
Log-likelihood cutoff on original alignment: -313843.445
NOTE: Bootstrap correlation coefficient of split occurrence frequencies: 0.858
NOTE: UFBoot does not converge, continue at least 100 more iterations
Estimate model parameters (epsilon = 0.100)
BETTER TREE FOUND at iteration 501: -312885.825
Iteration 510 / LogL: -312979.480 / Time: 0h:29m:18s (0h:5m:14s left)
Iteration 520 / LogL: -312959.349 / Time: 0h:29m:50s (0h:4m:39s left)
Iteration 530 / LogL: -312986.414 / Time: 0h:30m:27s (0h:4m:5s left)
Estimate model parameters (epsilon = 0.100)
BETTER TREE FOUND at iteration 531: -312876.692
Estimate model parameters (epsilon = 0.100)
BETTER TREE FOUND at iteration 535: -312853.176
Iteration 540 / LogL: -313178.853 / Time: 0h:31m:3s (0h:5m:28s left)
Iteration 550 / LogL: -313042.028 / Time: 0h:31m:36s (0h:4m:53s left)
Log-likelihood cutoff on original alignment: -313843.445
Iteration 560 / LogL: -312987.353 / Time: 0h:32m:18s (0h:4m:19s left)
Iteration 570 / LogL: -312916.040 / Time: 0h:32m:52s (0h:3m:45s left)
Iteration 580 / LogL: -313096.196 / Time: 0h:33m:29s (0h:3m:10s left)
Iteration 590 / LogL: -312963.290 / Time: 0h:34m:8s (0h:2m:36s left)
Iteration 600 / LogL: -312948.296 / Time: 0h:34m:44s (0h:2m:1s left)
Log-likelihood cutoff on original alignment: -313843.445
NOTE: Bootstrap correlation coefficient of split occurrence frequencies: 0.848
NOTE: UFBoot does not converge, continue at least 100 more iterations
Estimate model parameters (epsilon = 0.100)
BETTER TREE FOUND at iteration 610: -312828.385
Iteration 610 / LogL: -312828.385 / Time: 0h:35m:25s (0h:5m:48s left)
Iteration 620 / LogL: -313018.297 / Time: 0h:36m:2s (0h:5m:14s left)
Iteration 630 / LogL: -312910.532 / Time: 0h:36m:38s (0h:4m:39s left)
Iteration 640 / LogL: -312880.830 / Time: 0h:37m:13s (0h:4m:4s left)
Iteration 650 / LogL: -312988.170 / Time: 0h:37m:48s (0h:3m:29s left)
Log-likelihood cutoff on original alignment: -313843.445
Iteration 660 / LogL: -313000.187 / Time: 0h:38m:30s (0h:2m:55s left)
Iteration 670 / LogL: -312861.414 / Time: 0h:39m:8s (0h:2m:20s left)
Estimate model parameters (epsilon = 0.100)
BETTER TREE FOUND at iteration 673: -312803.702
Iteration 680 / LogL: -312876.493 / Time: 0h:39m:47s (0h:5m:26s left)
Iteration 690 / LogL: -313006.007 / Time: 0h:40m:24s (0h:4m:51s left)
Iteration 700 / LogL: -312927.705 / Time: 0h:41m:1s (0h:4m:16s left)
Log-likelihood cutoff on original alignment: -313843.445
NOTE: Bootstrap correlation coefficient of split occurrence frequencies: 0.865
NOTE: UFBoot does not converge, continue at least 100 more iterations
Iteration 710 / LogL: -312891.284 / Time: 0h:41m:38s (0h:5m:16s left)
Iteration 720 / LogL: -312879.568 / Time: 0h:42m:18s (0h:4m:42s left)
Iteration 730 / LogL: -312869.243 / Time: 0h:42m:56s (0h:4m:7s left)
Iteration 740 / LogL: -313023.097 / Time: 0h:43m:37s (0h:3m:32s left)
Iteration 750 / LogL: -312823.429 / Time: 0h:44m:13s (0h:2m:57s left)
Log-likelihood cutoff on original alignment: -313843.445
Iteration 760 / LogL: -312884.088 / Time: 0h:44m:53s (0h:2m:21s left)
Iteration 770 / LogL: -312899.306 / Time: 0h:45m:34s (0h:1m:46s left)
Iteration 780 / LogL: -312860.540 / Time: 0h:46m:14s (0h:1m:11s left)
Iteration 790 / LogL: -312921.633 / Time: 0h:46m:51s (0h:0m:35s left)
Iteration 800 / LogL: -313035.060 / Time: 0h:47m:28s (0h:0m:0s left)
Log-likelihood cutoff on original alignment: -313843.445
NOTE: Bootstrap correlation coefficient of split occurrence frequencies: 0.885
NOTE: UFBoot does not converge, continue at least 100 more iterations
Estimate model parameters (epsilon = 0.100)
BETTER TREE FOUND at iteration 809: -312795.801
Iteration 810 / LogL: -312993.208 / Time: 0h:48m:7s (0h:5m:53s left)
Iteration 820 / LogL: -313010.534 / Time: 0h:48m:47s (0h:5m:17s left)
Iteration 830 / LogL: -312974.483 / Time: 0h:49m:25s (0h:4m:42s left)
Iteration 840 / LogL: -312817.408 / Time: 0h:50m:5s (0h:4m:7s left)
Iteration 850 / LogL: -312875.084 / Time: 0h:50m:41s (0h:3m:31s left)
Log-likelihood cutoff on original alignment: -313843.445
Iteration 860 / LogL: -312986.243 / Time: 0h:51m:21s (0h:2m:55s left)
Iteration 870 / LogL: -312855.468 / Time: 0h:52m:3s (0h:2m:20s left)
Iteration 880 / LogL: -313003.216 / Time: 0h:52m:41s (0h:1m:44s left)
Iteration 890 / LogL: -312868.545 / Time: 0h:53m:21s (0h:1m:8s left)
Estimate model parameters (epsilon = 0.100)
BETTER TREE FOUND at iteration 892: -312770.668
Iteration 900 / LogL: -312888.848 / Time: 0h:54m:0s (0h:5m:31s left)
Log-likelihood cutoff on original alignment: -313843.445
NOTE: Bootstrap correlation coefficient of split occurrence frequencies: 0.898
NOTE: UFBoot does not converge, continue at least 100 more iterations
Estimate model parameters (epsilon = 0.100)
BETTER TREE FOUND at iteration 909: -312766.386
Iteration 910 / LogL: -312792.387 / Time: 0h:54m:37s (0h:5m:56s left)
Iteration 920 / LogL: -312897.570 / Time: 0h:55m:17s (0h:5m:21s left)
Iteration 930 / LogL: -312918.562 / Time: 0h:55m:56s (0h:4m:45s left)
Iteration 940 / LogL: -312879.314 / Time: 0h:56m:35s (0h:4m:9s left)
Iteration 950 / LogL: -313977.114 / Time: 0h:57m:10s (0h:3m:33s left)
Log-likelihood cutoff on original alignment: -313222.705
Iteration 960 / LogL: -312881.897 / Time: 0h:57m:43s (0h:2m:56s left)
Iteration 970 / LogL: -312858.954 / Time: 0h:58m:18s (0h:2m:20s left)
Iteration 980 / LogL: -312782.357 / Time: 0h:58m:50s (0h:1m:44s left)
Iteration 990 / LogL: -312977.870 / Time: 0h:59m:24s (0h:1m:8s left)
Iteration 1000 / LogL: -312955.427 / Time: 0h:59m:56s (0h:0m:32s left)
Log-likelihood cutoff on original alignment: -313222.705
NOTE: Bootstrap correlation coefficient of split occurrence frequencies: 0.916
NOTE: UFBoot does not converge, continue at least 100 more iterations
TREE SEARCH COMPLETED AFTER 1001 ITERATIONS / Time: 1h:0m:1s

--------------------------------------------------------------------
|                    FINALIZING TREE SEARCH                        |
--------------------------------------------------------------------
Performs final model parameters optimization
Estimate model parameters (epsilon = 0.010)
1. Initial log-likelihood: -312766.386
Optimal log-likelihood: -312766.383
Rate parameters:  A-C: 1.06564  A-G: 5.36042  A-T: 1.40835  C-G: 0.71542  C-T: 5.55992  G-T: 1.00000
Base frequencies:  A: 0.283  C: 0.210  G: 0.222  T: 0.285
Parameters optimization took 1 rounds (0.395 sec)
BEST SCORE FOUND : -312766.383
WARNING: bootstrap analysis did not converge. You should rerun with higher number of iterations (-nm option)
Creating bootstrap support values...
Split supports printed to NEXUS file Petiolaris.tranche90.snp.petPF.90.bi.remappedHa412HO.Ha412HOChr06.syn3.fasta.splits.nex
Total tree length: 9.718

Total number of iterations: 1001
CPU time used for tree search: 16120.733 sec (4h:28m:40s)
Wall-clock time used for tree search: 3590.937 sec (0h:59m:50s)
Total CPU time used: 16172.834 sec (4h:29m:32s)
Total wall-clock time used: 3604.128 sec (1h:0m:4s)

Computing bootstrap consensus tree...
Reading input file Petiolaris.tranche90.snp.petPF.90.bi.remappedHa412HO.Ha412HOChr06.syn3.fasta.splits.nex...
387 taxa and 3505 splits.
Consensus tree written to Petiolaris.tranche90.snp.petPF.90.bi.remappedHa412HO.Ha412HOChr06.syn3.fasta.contree
Reading input trees file Petiolaris.tranche90.snp.petPF.90.bi.remappedHa412HO.Ha412HOChr06.syn3.fasta.contree
Log-likelihood of consensus tree: -312782.784

Analysis results written to: 
  IQ-TREE report:                Petiolaris.tranche90.snp.petPF.90.bi.remappedHa412HO.Ha412HOChr06.syn3.fasta.iqtree
  Maximum-likelihood tree:       Petiolaris.tranche90.snp.petPF.90.bi.remappedHa412HO.Ha412HOChr06.syn3.fasta.treefile
  Likelihood distances:          Petiolaris.tranche90.snp.petPF.90.bi.remappedHa412HO.Ha412HOChr06.syn3.fasta.mldist

Ultrafast bootstrap approximation results written to:
  Split support values:          Petiolaris.tranche90.snp.petPF.90.bi.remappedHa412HO.Ha412HOChr06.syn3.fasta.splits.nex
  Consensus tree:                Petiolaris.tranche90.snp.petPF.90.bi.remappedHa412HO.Ha412HOChr06.syn3.fasta.contree
  Screen log file:               Petiolaris.tranche90.snp.petPF.90.bi.remappedHa412HO.Ha412HOChr06.syn3.fasta.log

Date and Time: Wed May  8 23:05:50 2019
