IQ-TREE multicore version 1.6.10 for Linux 64-bit built Feb 19 2019
Developed by Bui Quang Minh, Nguyen Lam Tung, Olga Chernomor,
Heiko Schmidt, Dominik Schrempf, Michael Woodhams.

Host:    cdr625.int.cedar.computecanada.ca (AVX2, FMA3, 251 GB RAM)
Command: /home/gowens/bin/iqtree-1.6.10-Linux/bin/iqtree -s Petiolaris.tranche90.snp.petPF.90.bi.remappedHa412HO.Ha412HOChr17.syn1.fasta -m GTR+ASC -bb 1000 -nt 5 -redo
Seed:    291585 (Using SPRNG - Scalable Parallel Random Number Generator)
Time:    Thu May  9 01:25:25 2019
Kernel:  AVX+FMA - 5 threads (32 CPU cores detected)

Reading alignment file Petiolaris.tranche90.snp.petPF.90.bi.remappedHa412HO.Ha412HOChr17.syn1.fasta ... Fasta format detected
Alignment most likely contains DNA/RNA sequences
Alignment has 364 sequences with 32454 columns, 32441 distinct patterns
28919 parsimony-informative, 3535 singleton sites, 0 constant sites
          Gap/Ambiguity  Composition  p-value
   1  GSD1009     8.96%    passed      5.45%
   2  GSD1039     8.22%    passed     77.57%
   3  GSD1085     8.22%    passed     17.18%
   4  GSD1139     9.08%    passed     67.43%
   5  GSD1169     7.63%    passed     15.96%
   6  GSD1184     7.79%    passed     32.93%
   7  GSD1258     7.83%    failed      2.95%
   8  GSD1276     7.27%    failed      4.94%
   9  GSD1329     7.16%    passed     16.15%
  10  GSD1375     9.80%    passed     16.91%
  11  GSD1573     7.86%    failed      2.24%
  12  GSD1707     9.18%    passed      6.82%
  13  GSD1732     7.17%    passed      9.80%
  14  GSD2031     9.81%    passed     25.64%
  15  GSD2252     7.64%    passed     10.56%
  16  MON014      3.63%    passed     60.55%
  17  MON069      7.84%    passed     97.82%
  18  MON106      7.97%    passed     87.98%
  19  MON151      8.34%    passed     94.30%
  20  MON220     10.46%    passed     88.02%
  21  MON263     10.92%    passed     71.31%
  22  MON308     11.02%    passed     27.97%
  23  MON365     10.54%    passed     93.03%
  24  MON401      9.76%    passed     75.90%
  25  MON459     11.82%    passed     97.37%
  26  MON520      9.81%    passed     95.79%
  27  MON564      8.19%    passed     94.20%
  28  MON606      8.61%    passed     80.05%
  29  MON658      7.97%    passed     96.74%
  30  MON713      8.41%    passed     94.15%
  31  MON768      8.89%    passed     89.04%
  32  MON818     12.85%    passed     88.14%
  33  MON862      9.06%    passed     88.51%
  34  PET0301     9.78%    passed     99.17%
  35  PET0302     9.52%    passed     54.74%
  36  PET0303    10.15%    passed     79.55%
  37  PET0304     9.75%    passed     77.40%
  38  PET0305     9.04%    passed     89.50%
  39  PET0307    10.29%    passed     35.16%
  40  PET0308     9.90%    passed     62.67%
  41  PET0309N   10.00%    passed     92.08%
  42  PET0310     9.88%    passed     68.97%
  43  PET0311     9.68%    passed     77.45%
  44  PET0312     9.48%    passed     62.93%
  45  PET0313     9.05%    passed     94.18%
  46  PET0314     9.07%    passed     71.52%
  47  PET0315     9.78%    passed     83.18%
  48  PET0316    12.72%    passed     30.89%
  49  PET0317     9.56%    passed     99.27%
  50  PET0318     3.78%    passed     69.11%
  51  PET0319     9.48%    passed     91.67%
  52  PET0320     9.64%    passed     91.22%
  53  PET0321     9.58%    passed     95.48%
  54  PET0322     3.90%    passed     77.55%
  55  PET0323    10.22%    passed     95.12%
  56  PET0324     9.63%    passed     85.10%
  57  PET0325    10.03%    passed     96.03%
  58  PET0326     9.96%    passed     97.70%
  59  PET0327     4.89%    passed     94.39%
  60  PET0328    10.26%    passed     74.09%
  61  PET0329    10.22%    passed     98.96%
  62  PET0331    10.17%    passed     70.51%
  63  PET0332    10.52%    passed     80.54%
  64  PET0333    10.21%    passed     90.21%
  65  PET0334    10.58%    passed     97.32%
  66  PET0336     9.88%    passed     96.75%
  67  PET0337     9.27%    passed     98.02%
  68  PET0339     9.92%    passed     98.96%
  69  PET0340    10.14%    passed     53.91%
  70  PET0342    10.16%    passed     73.00%
  71  PET0343    12.54%    passed     72.97%
  72  PET0345     9.42%    passed     88.50%
  73  PET0349     9.63%    passed     95.91%
  74  PET0350     6.99%    passed     75.41%
  75  PET0351     9.28%    passed     91.62%
  76  PET0352     8.15%    passed     86.10%
  77  PET0353    10.17%    passed     69.46%
  78  PET0354    10.49%    passed     98.60%
  79  PET0355     9.29%    passed     94.86%
  80  PET0356     9.64%    passed     97.58%
  81  PET0357     9.93%    passed     95.37%
  82  PET0358     9.49%    passed     95.13%
  83  PET0359     9.57%    passed     95.44%
  84  PET0360     9.82%    passed     82.58%
  85  PET0361N    9.99%    passed     58.62%
  86  PET0362     9.38%    passed     93.56%
  87  PET0363    11.17%    passed     97.33%
  88  PET0364     8.74%    passed     99.57%
  89  PET0366     8.56%    passed     81.17%
  90  PET0367     8.94%    passed     89.57%
  91  PET0368     9.34%    passed     72.25%
  92  PET0370     8.99%    passed     87.94%
  93  PET0371     9.82%    passed     98.77%
  94  PET0372    10.09%    passed     94.15%
  95  PET0373    10.30%    passed     87.06%
  96  PET0374     7.56%    passed     99.35%
  97  PET0375     9.60%    passed     93.23%
  98  PET0376     9.57%    passed     97.49%
  99  PET0377     9.46%    passed     83.98%
 100  PET0378     4.07%    passed     66.93%
 101  PET0379     9.40%    passed     98.48%
 102  PET0380     9.68%    passed     97.20%
 103  PET0381     8.00%    passed      6.11%
 104  PET0382     7.96%    passed      8.46%
 105  PET0384     7.34%    passed     17.59%
 106  PET0385     7.18%    passed     18.56%
 107  PET0386     7.43%    passed     26.04%
 108  PET0387     8.73%    passed     12.94%
 109  PET0392N    9.82%    passed     86.41%
 110  PET0393     8.96%    passed     98.45%
 111  PET0394     8.74%    passed     69.23%
 112  PET0395     9.48%    passed     75.41%
 113  PET0396     9.12%    passed     75.14%
 114  PET0397     9.04%    passed     92.27%
 115  PET0398    11.56%    passed     59.85%
 116  PET0399     9.79%    passed     94.25%
 117  PET0400     9.59%    passed     86.35%
 118  PET0401     9.29%    passed     98.84%
 119  PET0402     7.37%    passed     94.47%
 120  PET0403     8.31%    passed     98.59%
 121  PET0404     8.61%    passed     91.51%
 122  PET0405     9.26%    passed     99.10%
 123  PET0406     9.11%    passed     89.84%
 124  PET0407     9.38%    passed     95.92%
 125  PET0409     6.33%    passed     57.66%
 126  PET0410     9.43%    passed     82.29%
 127  PET0412     6.68%    passed     80.97%
 128  PET0413     6.74%    passed     76.15%
 129  PET0414     9.49%    passed     96.10%
 130  PET0415     5.83%    passed     61.39%
 131  PET0416     8.79%    passed     96.03%
 132  PET0417     8.28%    passed     87.06%
 133  PET0418     5.46%    passed     21.40%
 134  PET0419     8.94%    passed     99.79%
 135  PET0421     3.54%    passed     92.27%
 136  PET0422     9.53%    passed     95.04%
 137  PET0423     9.23%    passed     87.93%
 138  PET0424     9.06%    passed     97.20%
 139  PET0425     8.72%    passed     99.31%
 140  PET0427     9.71%    passed     97.97%
 141  PET0428     8.62%    passed     97.84%
 142  PET0429     9.17%    passed     85.07%
 143  PET0430     9.14%    passed     92.73%
 144  PET0432     8.85%    passed     85.79%
 145  PET0434     8.81%    passed     82.33%
 146  PET0435     8.86%    passed     94.77%
 147  PET0436     7.83%    passed     91.85%
 148  PET0437     8.26%    passed     88.20%
 149  PET0438     8.36%    passed     96.68%
 150  PET0439    10.94%    passed     86.57%
 151  PET0440     8.97%    passed     87.25%
 152  PET0442     9.76%    passed     46.25%
 153  PET0443     8.55%    passed     26.01%
 154  PET0446     7.10%    passed     94.03%
 155  PET0450     8.76%    passed     46.65%
 156  PET0452     8.67%    passed     40.77%
 157  PET0453N    8.91%    passed     44.77%
 158  PET0454N    8.85%    passed     10.16%
 159  PET0455     8.64%    passed     42.66%
 160  PET0456     8.82%    passed     98.79%
 161  PET0458     8.63%    passed     38.62%
 162  PET0459N    9.14%    passed     45.96%
 163  PET0461     9.00%    passed     57.69%
 164  PET0462     9.92%    passed     87.86%
 165  PET0463     8.70%    passed     44.50%
 166  PET0464     8.85%    passed     64.62%
 167  PET0465     8.74%    passed     30.21%
 168  PET0466     8.62%    passed     30.49%
 169  PET0467     9.53%    passed     44.52%
 170  PET0468     9.31%    passed      9.96%
 171  PET0470     8.39%    passed     59.23%
 172  PET0473N    9.20%    passed     29.52%
 173  PET0482     8.64%    passed     93.72%
 174  PET0483     9.03%    passed     62.46%
 175  PET0485     8.82%    passed     61.68%
 176  PET0491     9.03%    passed     17.04%
 177  PET0492     8.87%    passed     31.70%
 178  PET0493     8.57%    passed      7.19%
 179  PET0494     8.71%    passed     28.49%
 180  PET0495     8.72%    passed     21.89%
 181  PET0496     9.19%    passed     26.34%
 182  PET0497     8.66%    passed     28.07%
 183  PET0498     8.05%    passed     33.99%
 184  PET0499     8.26%    passed     27.49%
 185  PET0500     8.83%    passed     65.92%
 186  PET0501     5.75%    passed      8.09%
 187  PET0502     9.15%    passed     28.00%
 188  PET0503     9.04%    passed     52.74%
 189  PET0504     9.49%    passed     20.92%
 190  PET0505     9.13%    passed     45.90%
 191  PET0506     9.12%    passed     38.64%
 192  PET0508     8.64%    passed     24.18%
 193  PET0509     9.43%    passed     60.95%
 194  PET0510     6.54%    passed     14.94%
 195  PET0511     8.35%    passed     37.22%
 196  PET0512     8.35%    passed     43.07%
 197  PET0513     8.54%    passed     26.82%
 198  PET0514     8.91%    passed     88.24%
 199  PET0515     8.46%    passed     60.66%
 200  PET0516     9.15%    passed     53.56%
 201  PET0517     8.76%    passed     50.25%
 202  PET0518     9.05%    passed     37.59%
 203  PET0519     8.10%    passed     13.03%
 204  PET0520     8.77%    passed     32.64%
 205  PET0521     9.06%    passed     35.43%
 206  PET0522     9.22%    passed     61.92%
 207  PET0523     8.90%    passed     36.76%
 208  PET0524     9.20%    passed     46.70%
 209  PET0526     8.88%    passed     49.27%
 210  PET0527     8.75%    passed     22.19%
 211  PET0528     9.30%    passed     55.52%
 212  PET0529     9.27%    passed     60.89%
 213  PET0530     9.25%    passed     22.62%
 214  PET0531     8.80%    passed     41.04%
 215  PET0532     9.12%    passed     34.44%
 216  PET0534N    9.16%    passed     45.16%
 217  PET0535     8.94%    passed     46.63%
 218  PET0536     9.40%    passed     53.21%
 219  PET0537     9.50%    passed     45.76%
 220  PET0539     9.65%    passed     48.32%
 221  PET0540     8.83%    passed     51.87%
 222  PET0541N    9.34%    passed     44.62%
 223  PET0542N    8.58%    passed     49.09%
 224  PET0543     8.50%    passed     51.76%
 225  PET0544     8.90%    passed     45.03%
 226  PET0545     8.74%    passed     42.02%
 227  PET0546     8.60%    passed     69.20%
 228  PET0547     9.05%    passed     20.82%
 229  PET0548     8.72%    passed     63.76%
 230  PET0549     9.24%    passed     48.18%
 231  PET0550     9.30%    passed     57.30%
 232  PET0552     8.93%    passed     47.19%
 233  PET0553     9.04%    passed     53.41%
 234  PET0554     8.59%    passed     58.14%
 235  PET0555    10.32%    passed     26.99%
 236  PET0556     8.69%    passed     64.98%
 237  PET0557     9.40%    passed     91.03%
 238  PET0558     8.46%    passed     51.89%
 239  PET0559     8.85%    passed     54.91%
 240  PET0560     9.23%    passed     71.34%
 241  PET0561     8.85%    passed     56.39%
 242  PET0562     8.29%    passed     37.67%
 243  PET0563     8.65%    passed     84.79%
 244  PET0564     8.64%    passed     79.85%
 245  PET0565     8.64%    passed     96.73%
 246  PET0566     9.01%    passed     69.27%
 247  PET0568     9.25%    passed     51.66%
 248  PET0569N    9.09%    passed     51.04%
 249  PET0570     9.30%    passed     34.22%
 250  PET0571     9.17%    passed     49.99%
 251  PET0572     9.22%    passed     69.29%
 252  PET0573     8.98%    passed     72.93%
 253  PET0574     8.66%    passed     44.40%
 254  PET0575     9.41%    passed     49.65%
 255  PET0576     9.55%    passed     60.45%
 256  PET0578     8.90%    passed     52.27%
 257  PET0579     8.58%    passed     74.15%
 258  PET0580     8.95%    passed     39.31%
 259  PET0581     8.45%    passed     39.15%
 260  PET0582     8.53%    passed     48.54%
 261  PET0583     8.86%    passed     72.92%
 262  PET0584     9.82%    passed     74.52%
 263  PET0586     8.50%    passed     31.36%
 264  PET0587     8.61%    passed     55.08%
 265  PET0588     8.73%    passed      8.00%
 266  PET0589     8.96%    passed     13.98%
 267  PET0590     8.76%    passed     64.99%
 268  PET0591     8.83%    passed     65.34%
 269  PET0592     8.82%    passed     36.18%
 270  PET0593     8.89%    passed     41.23%
 271  PET0595     8.69%    passed     58.64%
 272  PET0596     8.46%    passed     45.40%
 273  PET0597     8.35%    passed     40.75%
 274  PET0598     8.14%    passed     24.59%
 275  PET0602     8.52%    passed     59.79%
 276  PET0603     8.69%    passed     57.44%
 277  PET0606    14.04%    failed      0.01%
 278  PET0607     8.99%    passed     77.14%
 279  PET0609     8.68%    passed     85.61%
 280  PET0610    10.00%    passed     90.30%
 281  PET0611     9.42%    passed     91.37%
 282  PET0613     8.59%    passed     68.95%
 283  PET0614     9.13%    passed     90.84%
 284  PET0615     8.89%    passed     54.32%
 285  PET0616    10.04%    passed     79.56%
 286  PET0617     8.05%    passed     63.03%
 287  PET0618     9.90%    passed     94.81%
 288  PET0619    10.29%    passed     80.50%
 289  PET0620     9.38%    passed     95.46%
 290  PET0621     8.65%    passed     99.93%
 291  PET0622     9.96%    passed     94.52%
 292  PET0623     9.24%    passed     99.82%
 293  PET0624     6.38%    passed     86.39%
 294  PET0625     9.36%    passed     94.54%
 295  PET0627     9.13%    passed     79.10%
 296  PET0628    90.88%    passed     26.76%
 297  PET0629     9.60%    passed     90.21%
 298  PET0630     4.13%    passed     81.07%
 299  PET0631     9.57%    passed     83.28%
 300  PET0632     9.84%    passed     99.30%
 301  PET0633     9.33%    passed     96.02%
 302  PET0634     9.38%    passed     85.93%
 303  PET0635     8.99%    passed     95.26%
 304  PET0636     5.65%    passed     94.43%
 305  PET0637     9.19%    passed     80.07%
 306  PET0639     8.28%    passed     95.49%
 307  PET0640     9.61%    passed     98.80%
 308  PET0641     9.60%    passed     99.89%
 309  PET0642    10.60%    passed     94.51%
 310  PET0643     9.20%    passed     98.30%
 311  PET0645     9.56%    passed     99.36%
 312  PET0646     9.47%    passed     65.67%
 313  PET0647     9.60%    passed     81.10%
 314  PET0718     9.50%    passed     80.71%
 315  PET0719     8.71%    passed     99.94%
 316  PET0720     9.52%    passed     77.56%
 317  PET0721     8.21%    passed     91.58%
 318  PET0722     9.19%    passed     78.06%
 319  PET0723     9.42%    passed     97.45%
 320  PET0725     9.42%    passed     73.50%
 321  PET0727     9.47%    passed     86.74%
 322  PET0748     8.46%    passed     91.64%
 323  PET0749N    8.41%    passed     98.84%
 324  PET0750     8.36%    passed     89.96%
 325  PET0751     8.06%    passed     99.58%
 326  PET0752     8.46%    passed     98.46%
 327  PET0753     8.22%    passed     96.81%
 328  PET0754     8.28%    passed     92.48%
 329  PET0755N    8.09%    passed     77.71%
 330  PET0756N    8.11%    passed     90.54%
 331  PET0757     8.39%    passed     97.77%
 332  PET0758     8.28%    passed     96.57%
 333  PET0759     8.86%    passed     99.23%
 334  PET0760     7.80%    passed     85.48%
 335  PET0761     9.09%    passed     96.89%
 336  PET0762     8.15%    passed     91.38%
 337  PET0763    14.26%    failed      0.39%
 338  PET0764     8.54%    passed     79.95%
 339  PET0765     8.89%    passed     88.79%
 340  PET0766     8.48%    passed     99.86%
 341  PET0767     7.31%    passed     83.66%
 342  PET0768     8.24%    passed     97.67%
 343  PET0769     5.65%    passed     67.13%
 344  PET0770     8.72%    passed     99.62%
 345  PET0774N    8.34%    passed     93.82%
 346  PET0775     8.19%    passed     91.05%
 347  PET0776     8.07%    passed     90.76%
 348  PET0777     8.24%    passed     96.31%
 349  PET0778     8.20%    passed     98.31%
 350  PET0779N    8.44%    passed     86.03%
 351  PET0780N    8.92%    passed     88.03%
 352  PET0781     7.93%    passed     99.19%
 353  PET0783     8.48%    passed     76.97%
 354  PET0784     8.58%    passed     98.53%
 355  PET0785     8.53%    passed     70.72%
 356  PET0786     9.77%    passed     89.73%
 357  PET0787     7.80%    passed     90.83%
 358  PET0789     8.17%    passed     96.37%
 359  PET0790     8.74%    passed     87.38%
 360  PET0793     8.48%    passed     99.75%
 361  PET0794     8.08%    passed     91.87%
 362  PET0795     8.64%    passed     62.45%
 363  PET0797     8.98%    passed     67.32%
 364  PET0800     8.86%    passed     91.64%
WARNING: 1 sequences contain more than 50% gaps/ambiguity
****  TOTAL       9.12%  5 sequences failed composition chi2 test (p-value<5%; df=3)

Create initial parsimony tree by phylogenetic likelihood library (PLL)... 5.935 seconds
Generating 1000 samples for ultrafast bootstrap (seed: 291585)...
Ascertainment bias correction: 4 unobservable constant patterns

NOTE: 506 MB RAM (0 GB) is required!
Estimate model parameters (epsilon = 0.100)
1. Initial log-likelihood: -1730719.636
2. Current log-likelihood: -1607041.160
3. Current log-likelihood: -1599296.130
4. Current log-likelihood: -1599295.347
Optimal log-likelihood: -1599295.335
Rate parameters:  A-C: 1.01231  A-G: 5.19684  A-T: 1.33990  C-G: 0.75801  C-T: 5.29350  G-T: 1.00000
Base frequencies:  A: 0.284  C: 0.218  G: 0.215  T: 0.283
Parameters optimization took 4 rounds (28.696 sec)
Computing ML distances based on estimated model parameters... 437.713 sec
Computing BIONJ tree...
0.162 seconds
Log-likelihood of BIONJ tree: -1604764.131
--------------------------------------------------------------------
|             INITIALIZING CANDIDATE TREE SET                      |
--------------------------------------------------------------------
Generating 98 parsimony trees... 638.250 second
Computing log-likelihood of 98 initial trees ... 109.216 seconds
Current best score: -1598362.805

Do NNI search on 20 best initial trees
Estimate model parameters (epsilon = 0.100)
BETTER TREE FOUND at iteration 1: -1598104.491
Estimate model parameters (epsilon = 0.100)
BETTER TREE FOUND at iteration 2: -1598093.490
Iteration 10 / LogL: -1598533.550 / Time: 0h:16m:19s
Iteration 20 / LogL: -1598510.164 / Time: 0h:17m:41s
Finish initializing candidate tree set (20)
Current best tree score: -1598093.490 / CPU time: 928.029
Number of iterations: 20
--------------------------------------------------------------------
|               OPTIMIZING CANDIDATE TREE SET                      |
--------------------------------------------------------------------
Iteration 30 / LogL: -1598249.947 / Time: 0h:19m:26s (0h:47m:58s left)
Estimate model parameters (epsilon = 0.100)
BETTER TREE FOUND at iteration 34: -1597977.714
Estimate model parameters (epsilon = 0.100)
BETTER TREE FOUND at iteration 38: -1597878.403
Iteration 40 / LogL: -1598109.895 / Time: 0h:21m:18s (0h:53m:15s left)
Iteration 50 / LogL: -1598286.891 / Time: 0h:23m:8s (0h:41m:21s left)
Log-likelihood cutoff on original alignment: -1598941.009
Iteration 60 / LogL: -1598105.215 / Time: 0h:24m:55s (0h:32m:48s left)
Iteration 70 / LogL: -1598630.400 / Time: 0h:26m:34s (0h:26m:4s left)
Iteration 80 / LogL: -1598071.983 / Time: 0h:28m:13s (0h:20m:38s left)
Iteration 90 / LogL: -1598143.918 / Time: 0h:30m:3s (0h:16m:9s left)
Iteration 100 / LogL: -1598041.003 / Time: 0h:31m:56s (0h:12m:12s left)
Log-likelihood cutoff on original alignment: -1598941.009
NOTE: Bootstrap correlation coefficient of split occurrence frequencies: 0.999
Iteration 110 / LogL: -1598225.748 / Time: 0h:33m:46s (0h:27m:47s left)
Iteration 120 / LogL: -1598157.614 / Time: 0h:35m:26s (0h:23m:44s left)
Iteration 130 / LogL: -1598385.292 / Time: 0h:37m:11s (0h:20m:7s left)
TREE SEARCH COMPLETED AFTER 139 ITERATIONS / Time: 0h:38m:39s

--------------------------------------------------------------------
|                    FINALIZING TREE SEARCH                        |
--------------------------------------------------------------------
Performs final model parameters optimization
Estimate model parameters (epsilon = 0.010)
1. Initial log-likelihood: -1597878.403
2. Current log-likelihood: -1597878.359
3. Current log-likelihood: -1597878.335
4. Current log-likelihood: -1597878.315
5. Current log-likelihood: -1597878.299
6. Current log-likelihood: -1597878.285
7. Current log-likelihood: -1597878.272
8. Current log-likelihood: -1597878.261
9. Current log-likelihood: -1597878.250
10. Current log-likelihood: -1597878.240
Optimal log-likelihood: -1597878.230
Rate parameters:  A-C: 1.01209  A-G: 5.20832  A-T: 1.34316  C-G: 0.76016  C-T: 5.30387  G-T: 1.00000
Base frequencies:  A: 0.284  C: 0.218  G: 0.215  T: 0.283
Parameters optimization took 10 rounds (20.578 sec)
BEST SCORE FOUND : -1597878.230
Creating bootstrap support values...
Split supports printed to NEXUS file Petiolaris.tranche90.snp.petPF.90.bi.remappedHa412HO.Ha412HOChr17.syn1.fasta.splits.nex
Total tree length: 8.934

Total number of iterations: 139
CPU time used for tree search: 8580.418 sec (2h:23m:0s)
Wall-clock time used for tree search: 2186.092 sec (0h:36m:26s)
Total CPU time used: 9310.736 sec (2h:35m:10s)
Total wall-clock time used: 2341.616 sec (0h:39m:1s)

Computing bootstrap consensus tree...
Reading input file Petiolaris.tranche90.snp.petPF.90.bi.remappedHa412HO.Ha412HOChr17.syn1.fasta.splits.nex...
364 taxa and 3315 splits.
Consensus tree written to Petiolaris.tranche90.snp.petPF.90.bi.remappedHa412HO.Ha412HOChr17.syn1.fasta.contree
Reading input trees file Petiolaris.tranche90.snp.petPF.90.bi.remappedHa412HO.Ha412HOChr17.syn1.fasta.contree
Log-likelihood of consensus tree: -1598185.663

Analysis results written to: 
  IQ-TREE report:                Petiolaris.tranche90.snp.petPF.90.bi.remappedHa412HO.Ha412HOChr17.syn1.fasta.iqtree
  Maximum-likelihood tree:       Petiolaris.tranche90.snp.petPF.90.bi.remappedHa412HO.Ha412HOChr17.syn1.fasta.treefile
  Likelihood distances:          Petiolaris.tranche90.snp.petPF.90.bi.remappedHa412HO.Ha412HOChr17.syn1.fasta.mldist

Ultrafast bootstrap approximation results written to:
  Split support values:          Petiolaris.tranche90.snp.petPF.90.bi.remappedHa412HO.Ha412HOChr17.syn1.fasta.splits.nex
  Consensus tree:                Petiolaris.tranche90.snp.petPF.90.bi.remappedHa412HO.Ha412HOChr17.syn1.fasta.contree
  Screen log file:               Petiolaris.tranche90.snp.petPF.90.bi.remappedHa412HO.Ha412HOChr17.syn1.fasta.log

Date and Time: Thu May  9 02:04:36 2019
