IQ-TREE multicore version 1.6.10 for Linux 64-bit built Feb 19 2019
Developed by Bui Quang Minh, Nguyen Lam Tung, Olga Chernomor,
Heiko Schmidt, Dominik Schrempf, Michael Woodhams.

Host:    cdr625.int.cedar.computecanada.ca (AVX2, FMA3, 251 GB RAM)
Command: /home/gowens/bin/iqtree-1.6.10-Linux/bin/iqtree -s Petiolaris.tranche90.snp.petPF.90.bi.remappedHa412HO.Ha412HOChr17.syn3.fasta -m GTR+ASC -bb 1000 -nt 5 -redo
Seed:    485434 (Using SPRNG - Scalable Parallel Random Number Generator)
Time:    Thu May  9 02:05:51 2019
Kernel:  AVX+FMA - 5 threads (32 CPU cores detected)

Reading alignment file Petiolaris.tranche90.snp.petPF.90.bi.remappedHa412HO.Ha412HOChr17.syn3.fasta ... Fasta format detected
Alignment most likely contains DNA/RNA sequences
Alignment has 402 sequences with 29753 columns, 29739 distinct patterns
26941 parsimony-informative, 2812 singleton sites, 0 constant sites
          Gap/Ambiguity  Composition  p-value
   1  GSD1009     8.57%    passed     91.30%
   2  GSD1039     8.36%    passed     99.36%
   3  GSD1139     9.09%    passed     79.39%
   4  GSD1184     8.27%    passed     97.64%
   5  GSD1258     8.90%    passed     94.94%
   6  GSD1276     7.70%    passed     99.76%
   7  GSD1329     7.53%    passed     98.84%
   8  GSD1375    12.48%    passed     84.30%
   9  GSD1732     7.83%    passed     90.05%
  10  GSD2067     8.43%    passed     98.79%
  11  GSD2252    10.07%    passed     83.56%
  12  GSD983     10.48%    passed     71.39%
  13  MON014      9.45%    passed     90.36%
  14  MON069      9.26%    passed     94.58%
  15  MON106      9.13%    passed     93.25%
  16  MON151      8.62%    passed     54.13%
  17  MON220     12.46%    passed     76.91%
  18  MON263     13.15%    passed     87.43%
  19  MON308     12.51%    passed     56.41%
  20  MON365     11.86%    passed     73.43%
  21  MON401     10.85%    passed     46.63%
  22  MON459     13.49%    passed     93.03%
  23  MON520     10.90%    passed     61.21%
  24  MON564      9.02%    passed     70.96%
  25  MON606      9.30%    passed     58.96%
  26  MON658      8.67%    passed     77.77%
  27  MON713      9.26%    passed     62.29%
  28  MON768      9.45%    passed     79.91%
  29  MON818     13.90%    passed     91.76%
  30  MON862      9.84%    passed     89.91%
  31  PET0301    10.48%    passed     91.94%
  32  PET0302    10.37%    passed     47.11%
  33  PET0303    10.68%    passed     80.37%
  34  PET0304    10.01%    passed     95.93%
  35  PET0305    10.08%    passed     67.76%
  36  PET0306     9.58%    passed     85.29%
  37  PET0307    10.65%    passed     55.73%
  38  PET0308    10.43%    passed     83.84%
  39  PET0309N   10.08%    passed     93.49%
  40  PET0310     9.93%    passed     63.60%
  41  PET0312    10.62%    passed     90.51%
  42  PET0318    10.08%    passed     62.48%
  43  PET0321    10.60%    passed     85.05%
  44  PET0322     8.64%    passed     69.48%
  45  PET0323    10.03%    passed     69.03%
  46  PET0324    10.19%    passed     94.76%
  47  PET0325    10.67%    passed     85.62%
  48  PET0326    10.11%    passed     68.97%
  49  PET0327    10.82%    passed     86.48%
  50  PET0328     9.91%    passed     88.47%
  51  PET0329     9.98%    passed     95.68%
  52  PET0330     9.61%    passed     82.88%
  53  PET0331     9.89%    passed     97.08%
  54  PET0332    10.14%    passed     90.29%
  55  PET0333    10.92%    passed     82.33%
  56  PET0334    10.49%    passed     84.38%
  57  PET0335    10.11%    passed     54.40%
  58  PET0336    10.35%    passed     69.84%
  59  PET0337    10.82%    passed     95.36%
  60  PET0338    10.24%    passed     67.62%
  61  PET0339     9.96%    passed     71.27%
  62  PET0340    10.24%    passed     97.05%
  63  PET0341     9.85%    passed     83.65%
  64  PET0342     9.81%    passed     53.07%
  65  PET0343    14.33%    failed      2.16%
  66  PET0344    10.21%    passed     93.52%
  67  PET0345     7.76%    passed     47.45%
  68  PET0346     8.49%    passed     46.99%
  69  PET0347    10.46%    passed     99.76%
  70  PET0348    10.89%    passed     65.14%
  71  PET0349    10.41%    passed     33.32%
  72  PET0350    10.15%    passed     93.87%
  73  PET0351    10.55%    passed     83.80%
  74  PET0352    11.05%    passed     93.34%
  75  PET0353    11.10%    passed     97.62%
  76  PET0354    10.25%    passed     97.41%
  77  PET0355     9.75%    passed     56.51%
  78  PET0356     9.32%    passed     81.54%
  79  PET0357    10.09%    passed     75.51%
  80  PET0358     6.71%    passed     61.98%
  81  PET0359    11.48%    passed     98.57%
  82  PET0360    10.41%    passed     97.31%
  83  PET0361N   10.30%    passed     74.14%
  84  PET0362    10.44%    passed     95.74%
  85  PET0363    12.07%    passed     66.25%
  86  PET0364     9.00%    passed     39.84%
  87  PET0365     9.40%    passed     68.05%
  88  PET0366     8.57%    passed     80.63%
  89  PET0367     8.60%    passed     94.19%
  90  PET0368     7.78%    passed     96.79%
  91  PET0369     8.32%    passed     98.69%
  92  PET0370     9.70%    passed     64.96%
  93  PET0371     9.98%    passed     54.27%
  94  PET0372    10.21%    passed     75.19%
  95  PET0373    10.21%    passed     78.60%
  96  PET0374     9.65%    passed     80.92%
  97  PET0375     9.70%    passed     64.90%
  98  PET0376    10.07%    passed     85.13%
  99  PET0377     9.68%    passed     93.51%
 100  PET0378     9.90%    passed     54.21%
 101  PET0379     9.81%    passed     72.03%
 102  PET0380    10.48%    passed     76.13%
 103  PET0384     9.82%    passed     39.84%
 104  PET0385    10.18%    passed     48.34%
 105  PET0386    10.01%    passed     68.76%
 106  PET0387    11.18%    passed     72.84%
 107  PET0391N   10.41%    passed     55.29%
 108  PET0392N   10.59%    passed     84.13%
 109  PET0393     9.25%    passed     59.11%
 110  PET0394     9.76%    passed     75.39%
 111  PET0395    11.25%    passed     96.60%
 112  PET0396     9.23%    passed     70.80%
 113  PET0397     9.64%    passed     68.71%
 114  PET0398    12.84%    passed     91.44%
 115  PET0399    10.63%    passed     51.52%
 116  PET0400     9.45%    passed     76.99%
 117  PET0401     9.46%    passed     29.23%
 118  PET0402     9.70%    passed     69.55%
 119  PET0403     9.43%    passed     68.55%
 120  PET0404    10.28%    passed     97.51%
 121  PET0405     9.24%    passed     62.74%
 122  PET0406     9.79%    passed     80.43%
 123  PET0407     9.42%    passed     66.55%
 124  PET0409    11.57%    passed     20.77%
 125  PET0410    10.39%    passed     81.17%
 126  PET0412     9.38%    passed     58.57%
 127  PET0413     8.88%    passed     69.45%
 128  PET0414    10.27%    passed     85.33%
 129  PET0415     9.74%    passed     64.80%
 130  PET0416     8.25%    passed     65.89%
 131  PET0417     9.94%    passed     65.29%
 132  PET0418     9.39%    passed     41.42%
 133  PET0419     9.72%    passed     68.36%
 134  PET0420    10.15%    passed     77.51%
 135  PET0421     9.20%    passed     42.18%
 136  PET0422    10.55%    passed     83.21%
 137  PET0423     9.55%    passed     84.16%
 138  PET0424     8.55%    passed     96.28%
 139  PET0425     9.52%    passed     67.44%
 140  PET0427     8.35%    passed     45.73%
 141  PET0428     9.09%    passed     85.12%
 142  PET0429     8.94%    passed     59.16%
 143  PET0430     8.97%    passed     59.66%
 144  PET0431     8.39%    passed     58.61%
 145  PET0432     8.82%    passed     73.49%
 146  PET0433     8.66%    passed     89.33%
 147  PET0434     8.78%    passed     87.47%
 148  PET0435     9.01%    passed     74.43%
 149  PET0436     8.83%    passed     90.85%
 150  PET0437     8.73%    passed     76.47%
 151  PET0438     8.82%    passed     52.70%
 152  PET0439    11.65%    passed     76.36%
 153  PET0440     8.84%    passed     80.55%
 154  PET0441     8.80%    passed     75.00%
 155  PET0442    10.03%    passed     74.85%
 156  PET0443    10.72%    passed     91.90%
 157  PET0444     8.35%    passed     89.81%
 158  PET0445     7.79%    passed     66.60%
 159  PET0446    11.09%    passed     48.75%
 160  PET0447    10.92%    passed     84.29%
 161  PET0448     7.85%    passed     91.34%
 162  PET0449    10.58%    passed     86.27%
 163  PET0450     8.67%    passed     79.50%
 164  PET0451     9.12%    passed     89.15%
 165  PET0452    11.02%    passed     76.54%
 166  PET0453N   10.46%    passed     43.22%
 167  PET0454N   10.26%    passed     99.30%
 168  PET0455    10.92%    passed     81.06%
 169  PET0456    10.58%    passed     68.20%
 170  PET0457    10.30%    passed     61.60%
 171  PET0458     8.60%    passed     98.65%
 172  PET0459N   10.63%    passed     76.48%
 173  PET0460N   10.48%    passed     83.14%
 174  PET0461    10.65%    passed     63.30%
 175  PET0462    10.00%    passed     84.34%
 176  PET0463    11.38%    passed     84.63%
 177  PET0464    10.42%    passed     74.25%
 178  PET0465     8.87%    passed     78.76%
 179  PET0466     8.79%    passed     67.58%
 180  PET0467     8.67%    passed     57.58%
 181  PET0468     9.54%    passed     82.06%
 182  PET0469     9.19%    passed     61.75%
 183  PET0470     8.42%    passed     77.84%
 184  PET0471    11.08%    passed     83.66%
 185  PET0472     9.48%    passed     98.71%
 186  PET0473N    9.15%    passed     80.38%
 187  PET0474N    8.67%    passed     83.90%
 188  PET0475     8.69%    passed     66.92%
 189  PET0476     9.18%    passed     76.33%
 190  PET0477     8.95%    passed     75.55%
 191  PET0478    10.99%    passed     69.35%
 192  PET0479    11.22%    passed     80.68%
 193  PET0480    10.79%    passed     75.94%
 194  PET0481    10.68%    passed     76.55%
 195  PET0482    10.96%    passed     91.26%
 196  PET0483    11.27%    passed     56.05%
 197  PET0484     9.01%    passed     84.35%
 198  PET0485     9.50%    passed     72.37%
 199  PET0486     9.90%    passed     76.21%
 200  PET0487     9.49%    passed     86.46%
 201  PET0488    11.04%    passed     79.81%
 202  PET0489    10.79%    passed     62.82%
 203  PET0490     9.27%    passed     63.87%
 204  PET0491     9.12%    passed     97.35%
 205  PET0492     8.99%    passed     93.26%
 206  PET0493     8.89%    passed     79.54%
 207  PET0494     9.33%    passed     84.96%
 208  PET0495     8.45%    passed     79.43%
 209  PET0496     8.97%    passed     93.85%
 210  PET0497     8.93%    passed     88.00%
 211  PET0498     8.55%    passed     74.80%
 212  PET0499     8.64%    passed     73.18%
 213  PET0500     9.17%    passed     94.86%
 214  PET0501     8.61%    passed     85.54%
 215  PET0502     9.41%    passed     81.50%
 216  PET0503     8.74%    passed     72.43%
 217  PET0504     8.95%    passed     64.57%
 218  PET0505     9.17%    passed     88.39%
 219  PET0506     8.72%    passed     83.55%
 220  PET0507     9.47%    passed     71.91%
 221  PET0508     8.95%    passed     91.47%
 222  PET0509     9.67%    passed     89.75%
 223  PET0510     8.80%    passed     59.00%
 224  PET0511     9.04%    passed     94.59%
 225  PET0512     8.75%    passed     71.59%
 226  PET0513     8.92%    passed     60.93%
 227  PET0514     8.33%    passed     59.55%
 228  PET0515     8.10%    passed     76.37%
 229  PET0516     9.03%    passed     88.09%
 230  PET0517     8.57%    passed     84.49%
 231  PET0518     8.47%    passed     72.18%
 232  PET0519    10.60%    passed     47.04%
 233  PET0520     8.54%    passed     83.96%
 234  PET0521     9.16%    passed     84.18%
 235  PET0522     8.80%    passed     73.54%
 236  PET0523     9.15%    passed     99.42%
 237  PET0524     5.27%    passed     52.76%
 238  PET0526    10.58%    passed     96.22%
 239  PET0527     8.97%    passed     85.81%
 240  PET0528     9.34%    passed     96.28%
 241  PET0529     9.96%    passed     91.70%
 242  PET0530     9.01%    passed     97.57%
 243  PET0531     9.45%    passed     76.55%
 244  PET0532     9.16%    passed     64.03%
 245  PET0534N    9.30%    passed     89.59%
 246  PET0535     8.80%    passed     95.33%
 247  PET0536     8.59%    passed     35.83%
 248  PET0537     6.29%    passed     56.66%
 249  PET0539    10.00%    passed     79.63%
 250  PET0540     8.76%    passed     83.24%
 251  PET0541N    9.55%    passed     99.70%
 252  PET0542N    9.04%    passed     93.63%
 253  PET0543     8.82%    passed     89.13%
 254  PET0544     9.04%    passed     99.82%
 255  PET0545     8.96%    passed     49.28%
 256  PET0546     8.48%    passed     96.37%
 257  PET0547     8.68%    passed     83.93%
 258  PET0548     8.91%    passed     82.96%
 259  PET0549     9.66%    passed     79.36%
 260  PET0550     9.08%    passed     81.09%
 261  PET0552     8.46%    passed     95.50%
 262  PET0553     8.90%    passed     79.17%
 263  PET0554     8.96%    passed     71.50%
 264  PET0555    10.03%    passed     91.46%
 265  PET0556     9.10%    passed     96.56%
 266  PET0557    10.33%    passed     87.41%
 267  PET0558     6.55%    passed     91.26%
 268  PET0559     8.59%    passed     60.94%
 269  PET0560     9.50%    passed     97.76%
 270  PET0561     8.48%    passed     85.22%
 271  PET0562     8.83%    passed     79.43%
 272  PET0563     8.65%    passed     66.44%
 273  PET0564     8.83%    passed     83.62%
 274  PET0565     9.04%    passed     87.21%
 275  PET0566     9.01%    passed     84.14%
 276  PET0568     7.90%    passed     75.14%
 277  PET0569N    8.98%    passed     67.49%
 278  PET0570     8.91%    passed     86.12%
 279  PET0571     8.84%    passed     94.84%
 280  PET0572     7.74%    passed     67.32%
 281  PET0573     9.10%    passed     86.34%
 282  PET0574     8.89%    passed     85.86%
 283  PET0575     9.87%    passed     89.27%
 284  PET0576     9.61%    passed     94.82%
 285  PET0578     8.95%    passed     94.91%
 286  PET0579     8.35%    passed     58.80%
 287  PET0580     9.98%    passed     88.43%
 288  PET0581     8.95%    passed     43.80%
 289  PET0582     9.01%    passed     74.66%
 290  PET0583     8.79%    passed     88.27%
 291  PET0584     9.29%    passed     90.35%
 292  PET0586     9.15%    passed     88.31%
 293  PET0587     8.73%    passed     73.79%
 294  PET0588     7.10%    passed     56.62%
 295  PET0589     8.51%    passed     97.09%
 296  PET0590     8.55%    passed     82.43%
 297  PET0591     9.09%    passed     96.89%
 298  PET0592     9.09%    passed     70.00%
 299  PET0593     8.65%    passed     88.75%
 300  PET0595     9.01%    passed     91.89%
 301  PET0596     8.36%    passed     79.60%
 302  PET0597     8.79%    passed     82.78%
 303  PET0598     8.74%    passed     92.50%
 304  PET0599     8.94%    passed     98.46%
 305  PET0600     8.96%    passed     61.92%
 306  PET0602     8.89%    passed     71.00%
 307  PET0603     8.51%    passed     97.03%
 308  PET0604     8.53%    passed     92.78%
 309  PET0605     8.69%    passed     89.93%
 310  PET0606    16.55%    failed      0.08%
 311  PET0607     8.89%    passed     86.80%
 312  PET0609    10.27%    passed     91.23%
 313  PET0610    10.54%    passed     92.13%
 314  PET0611     9.19%    passed     96.70%
 315  PET0612    10.43%    passed     97.37%
 316  PET0613     9.12%    passed     96.67%
 317  PET0614     9.87%    passed     86.89%
 318  PET0615    10.22%    passed     95.39%
 319  PET0616    10.35%    passed     76.89%
 320  PET0617    10.03%    passed     96.82%
 321  PET0618     9.96%    passed     97.18%
 322  PET0619     9.74%    passed     86.35%
 323  PET0620    10.71%    passed     99.01%
 324  PET0621    11.27%    passed     98.47%
 325  PET0622     7.95%    passed     85.81%
 326  PET0623    10.93%    passed     75.55%
 327  PET0624    10.35%    passed     98.46%
 328  PET0625     9.08%    passed     65.57%
 329  PET0626    10.18%    passed     92.98%
 330  PET0627    10.44%    passed     66.51%
 331  PET0628    91.76%    passed     86.39%
 332  PET0629    10.27%    passed     86.64%
 333  PET0630    10.03%    passed     95.88%
 334  PET0631     8.55%    passed     83.38%
 335  PET0632     9.35%    passed     91.59%
 336  PET0633     9.83%    passed     81.26%
 337  PET0634     7.56%    passed     98.99%
 338  PET0635    11.87%    passed     95.18%
 339  PET0636     9.45%    passed     99.00%
 340  PET0637     9.30%    passed     64.43%
 341  PET0638    10.03%    passed     85.35%
 342  PET0639     9.63%    passed     82.44%
 343  PET0640    10.37%    passed     83.63%
 344  PET0641     9.67%    passed     81.19%
 345  PET0642    11.70%    passed     98.72%
 346  PET0643     9.31%    passed     76.97%
 347  PET0644     9.28%    passed     68.48%
 348  PET0645    10.02%    passed     82.79%
 349  PET0646    10.66%    passed     55.47%
 350  PET0647     9.52%    passed     70.88%
 351  PET0718    11.31%    passed     97.52%
 352  PET0719     6.80%    passed     99.19%
 353  PET0720     9.89%    passed     82.30%
 354  PET0721     9.47%    passed     93.84%
 355  PET0722     9.49%    passed     62.33%
 356  PET0724    10.46%    passed     97.17%
 357  PET0725     8.71%    passed     52.54%
 358  PET0726    10.11%    passed     81.41%
 359  PET0727     9.66%    passed     95.47%
 360  PET0748     9.03%    passed     64.77%
 361  PET0749N    8.77%    passed     73.28%
 362  PET0750     9.29%    passed     43.45%
 363  PET0751     9.35%    passed     86.39%
 364  PET0752     8.77%    passed     93.05%
 365  PET0753     9.48%    passed     76.15%
 366  PET0754     8.98%    passed     98.19%
 367  PET0755N    7.46%    passed     55.59%
 368  PET0756N    8.51%    passed     70.11%
 369  PET0757     9.25%    passed     49.00%
 370  PET0758     7.42%    passed     50.97%
 371  PET0759    10.39%    passed     92.97%
 372  PET0760     8.48%    passed     69.58%
 373  PET0761    10.17%    passed     87.12%
 374  PET0762     9.09%    passed     82.00%
 375  PET0763    16.60%    failed      0.13%
 376  PET0764     8.86%    passed     76.44%
 377  PET0765     9.37%    passed     51.52%
 378  PET0766     8.77%    passed     65.19%
 379  PET0767     9.36%    passed     84.66%
 380  PET0768     9.37%    passed     91.60%
 381  PET0769     9.11%    passed     96.08%
 382  PET0770     9.83%    passed     88.47%
 383  PET0774N    8.96%    passed     71.94%
 384  PET0775     9.47%    passed     69.75%
 385  PET0776     9.22%    passed     81.45%
 386  PET0777     9.61%    passed     71.22%
 387  PET0778     8.96%    passed     90.45%
 388  PET0779N    8.46%    passed     67.16%
 389  PET0780N    9.08%    passed     92.06%
 390  PET0781     9.44%    passed     90.44%
 391  PET0783     8.25%    passed     60.05%
 392  PET0784     8.18%    passed     65.15%
 393  PET0785     8.49%    passed     89.61%
 394  PET0786    11.25%    passed     34.88%
 395  PET0787     9.68%    passed     87.21%
 396  PET0788    13.72%    passed     79.83%
 397  PET0790     7.62%    passed     92.12%
 398  PET0791     9.23%    passed     62.22%
 399  PET0792    10.37%    passed     91.19%
 400  PET0795     8.62%    passed     97.09%
 401  PET0796     8.71%    passed     96.32%
 402  PET0800    10.62%    passed     95.89%
WARNING: 1 sequences contain more than 50% gaps/ambiguity
****  TOTAL       9.78%  3 sequences failed composition chi2 test (p-value<5%; df=3)

Create initial parsimony tree by phylogenetic likelihood library (PLL)... 8.831 seconds
Generating 1000 samples for ultrafast bootstrap (seed: 485434)...
Ascertainment bias correction: 4 unobservable constant patterns

NOTE: 501 MB RAM (0 GB) is required!
Estimate model parameters (epsilon = 0.100)
1. Initial log-likelihood: -1823444.183
2. Current log-likelihood: -1686738.998
3. Current log-likelihood: -1686655.814
4. Current log-likelihood: -1686655.662
Optimal log-likelihood: -1686655.619
Rate parameters:  A-C: 1.01744  A-G: 5.14401  A-T: 1.46604  C-G: 0.62199  C-T: 5.33950  G-T: 1.00000
Base frequencies:  A: 0.279  C: 0.222  G: 0.228  T: 0.272
Parameters optimization took 4 rounds (25.041 sec)
Computing ML distances based on estimated model parameters... 526.049 sec
Computing BIONJ tree...
0.254 seconds
Log-likelihood of BIONJ tree: -1695311.208
--------------------------------------------------------------------
|             INITIALIZING CANDIDATE TREE SET                      |
--------------------------------------------------------------------
Generating 98 parsimony trees... 649.422 second
Computing log-likelihood of 98 initial trees ... 106.202 seconds
Current best score: -1685841.803

Do NNI search on 20 best initial trees
Estimate model parameters (epsilon = 0.100)
BETTER TREE FOUND at iteration 1: -1685544.414
Iteration 10 / LogL: -1685804.206 / Time: 0h:17m:0s
Iteration 20 / LogL: -1686003.682 / Time: 0h:18m:39s
Finish initializing candidate tree set (20)
Current best tree score: -1685544.414 / CPU time: 961.889
Number of iterations: 20
--------------------------------------------------------------------
|               OPTIMIZING CANDIDATE TREE SET                      |
--------------------------------------------------------------------
Estimate model parameters (epsilon = 0.100)
BETTER TREE FOUND at iteration 23: -1685524.300
Iteration 30 / LogL: -1685763.653 / Time: 0h:20m:26s (1h:4m:59s left)
Iteration 40 / LogL: -1686529.486 / Time: 0h:22m:7s (0h:46m:43s left)
Iteration 50 / LogL: -1686534.437 / Time: 0h:23m:40s (0h:35m:1s left)
Log-likelihood cutoff on original alignment: -1686251.684
Iteration 60 / LogL: -1685917.359 / Time: 0h:25m:20s (0h:26m:52s left)
Iteration 70 / LogL: -1685753.622 / Time: 0h:26m:56s (0h:20m:33s left)
Iteration 80 / LogL: -1685976.823 / Time: 0h:28m:36s (0h:15m:28s left)
Iteration 90 / LogL: -1685908.827 / Time: 0h:30m:26s (0h:11m:13s left)
Iteration 100 / LogL: -1685991.126 / Time: 0h:32m:21s (0h:7m:28s left)
Log-likelihood cutoff on original alignment: -1686251.684
NOTE: Bootstrap correlation coefficient of split occurrence frequencies: 0.999
Iteration 110 / LogL: -1685977.564 / Time: 0h:33m:57s (0h:27m:53s left)
Iteration 120 / LogL: -1685654.200 / Time: 0h:35m:33s (0h:23m:47s left)
TREE SEARCH COMPLETED AFTER 124 ITERATIONS / Time: 0h:36m:7s

--------------------------------------------------------------------
|                    FINALIZING TREE SEARCH                        |
--------------------------------------------------------------------
Performs final model parameters optimization
Estimate model parameters (epsilon = 0.010)
1. Initial log-likelihood: -1685524.300
2. Current log-likelihood: -1685524.222
3. Current log-likelihood: -1685524.153
4. Current log-likelihood: -1685524.093
5. Current log-likelihood: -1685524.034
6. Current log-likelihood: -1685523.983
7. Current log-likelihood: -1685523.931
8. Current log-likelihood: -1685523.887
9. Current log-likelihood: -1685523.840
10. Current log-likelihood: -1685523.801
11. Current log-likelihood: -1685523.760
12. Current log-likelihood: -1685523.725
13. Current log-likelihood: -1685523.688
14. Current log-likelihood: -1685523.656
15. Current log-likelihood: -1685523.623
16. Current log-likelihood: -1685523.595
17. Current log-likelihood: -1685523.563
18. Current log-likelihood: -1685523.538
19. Current log-likelihood: -1685523.508
20. Current log-likelihood: -1685523.484
21. Current log-likelihood: -1685523.456
22. Current log-likelihood: -1685523.432
23. Current log-likelihood: -1685523.415
24. Current log-likelihood: -1685523.363
Optimal log-likelihood: -1685523.358
Rate parameters:  A-C: 1.02866  A-G: 5.20323  A-T: 1.47860  C-G: 0.62615  C-T: 5.40192  G-T: 1.00000
Base frequencies:  A: 0.279  C: 0.222  G: 0.228  T: 0.272
Parameters optimization took 24 rounds (49.067 sec)
BEST SCORE FOUND : -1685523.358
Creating bootstrap support values...
Split supports printed to NEXUS file Petiolaris.tranche90.snp.petPF.90.bi.remappedHa412HO.Ha412HOChr17.syn3.fasta.splits.nex
Total tree length: 10.483

Total number of iterations: 124
CPU time used for tree search: 7722.113 sec (2h:8m:42s)
Wall-clock time used for tree search: 2009.266 sec (0h:33m:29s)
Total CPU time used: 8664.116 sec (2h:24m:24s)
Total wall-clock time used: 2218.159 sec (0h:36m:58s)

Computing bootstrap consensus tree...
Reading input file Petiolaris.tranche90.snp.petPF.90.bi.remappedHa412HO.Ha412HOChr17.syn3.fasta.splits.nex...
402 taxa and 3665 splits.
Consensus tree written to Petiolaris.tranche90.snp.petPF.90.bi.remappedHa412HO.Ha412HOChr17.syn3.fasta.contree
Reading input trees file Petiolaris.tranche90.snp.petPF.90.bi.remappedHa412HO.Ha412HOChr17.syn3.fasta.contree
Log-likelihood of consensus tree: -1687812.354

Analysis results written to: 
  IQ-TREE report:                Petiolaris.tranche90.snp.petPF.90.bi.remappedHa412HO.Ha412HOChr17.syn3.fasta.iqtree
  Maximum-likelihood tree:       Petiolaris.tranche90.snp.petPF.90.bi.remappedHa412HO.Ha412HOChr17.syn3.fasta.treefile
  Likelihood distances:          Petiolaris.tranche90.snp.petPF.90.bi.remappedHa412HO.Ha412HOChr17.syn3.fasta.mldist

Ultrafast bootstrap approximation results written to:
  Split support values:          Petiolaris.tranche90.snp.petPF.90.bi.remappedHa412HO.Ha412HOChr17.syn3.fasta.splits.nex
  Consensus tree:                Petiolaris.tranche90.snp.petPF.90.bi.remappedHa412HO.Ha412HOChr17.syn3.fasta.contree
  Screen log file:               Petiolaris.tranche90.snp.petPF.90.bi.remappedHa412HO.Ha412HOChr17.syn3.fasta.log

Date and Time: Thu May  9 02:43:00 2019
